Доменное имя:
ps.kz 
Статус: 
clientTransferProhibited 
- трансфер домена запрещён
clientUpdateProhibited 
- обновление данных домена запрещено
clientDeleteProhibited 
- удаление домена запрещено
Регистратор: 
ТОО «Интернет-компания PS» (ICPS, was created by KAZNIC)
Регистрант: 
ID Контакта: PS-KZ-000-000001
Имя: Регмастер
Организация: ТОО "Интернет-компания PS"
Адрес: ул. Макатаева 117А, офис 201
Город: Алматы
Область: Алматы
Почтовый индекс: 050000
Country: KZ
Телефон: 7-727-2954448
Факс: 7-727-2954448
Email: info@ps.kz
Административный контакт:
ID Контакта: PS-KZ-000-000001
Имя: Регмастер
Организация: ТОО "Интернет-компания PS"
Адрес: ул. Макатаева 117А, офис 201
Город: Алматы
Область: Алматы
Почтовый индекс: 050000
Country: KZ
Телефон: 7-727-2954448
Факс: 7-727-2954448
Email: info@ps.kz
Сервера имен:
ns.ps.kz (195.210.46.2, 2a00:5da0:100:1::2)
ns1.ps.kz (195.93.152.9)
ns2.ps.kz (195.210.46.2, 2a00:5da0:100:1::2)
ns3.ps.kz (151.248.122.33, 2a00:f940:2:1:2::1d09)
Создан: 
2003-08-18T18:20:09+07:00 (4567 дней назад)
Последнее изменение:
2015-07-14T14:36:42+06:00 (219 дней назад)
Дата окончания:
2025-08-18T00:00:00+06:00 (осталось 3470 дней)
